<?xml version="1.0" encoding="UTF-8"?>
<!-- Generated by org.testng.reporters.JUnitXMLReporter -->
<testsuite ignored="0" hostname="LAPTOP-AUV452KD" failures="1" tests="1" name="Test1" time="16.453" errors="0" timestamp="2023-04-16T05:47:39 IST">
  <testcase classname="testCases.TC_01AccountRegistration" name="register" time="10.797">
    <failure type="java.lang.AssertionError" message="expected [Your Account Has Been Created!] but found [unable to fetch text]">
      <![CDATA[java.lang.AssertionError: expected [Your Account Has Been Created!] but found [unable to fetch text]
at testCases.TC_01AccountRegistration.register(TC_01AccountRegistration.java:32)
at java.base/java.util.ArrayList.forEach(ArrayList.java:1511)
at java.base/java.util.concurrent.FutureTask.run(FutureTask.java:264)
at java.base/java.util.concurrent.ThreadPoolExecutor.runWorker(ThreadPoolExecutor.java:1136)
at java.base/java.util.concurrent.ThreadPoolExecutor$Worker.run(ThreadPoolExecutor.java:635)
at java.base/java.lang.Thread.run(Thread.java:833)
... Removed 23 stack frames]]>
    </failure>
  </testcase> <!-- register -->
</testsuite> <!-- Test1 -->
