<?xml version="1.0" encoding="UTF-8"?>
<!-- Generated by org.testng.reporters.JUnitXMLReporter -->
<testsuite ignored="0" hostname="LAPTOP-AUV452KD" failures="1" tests="1" name="Test" time="17.707" errors="0" timestamp="2023-04-20T19:24:37 IST">
  <testcase classname="testCases.TC_01AccountRegistration" name="register" time="11.478">
    <failure type="java.lang.AssertionError" message="expected [Your Account Has Been Created!] but found [unable to fetch text]">
      <![CDATA[java.lang.AssertionError: expected [Your Account Has Been Created!] but found [unable to fetch text]
at testCases.TC_01AccountRegistration.register(TC_01AccountRegistration.java:32)
at java.base/java.util.ArrayList.forEach(ArrayList.java:1511)
... Removed 33 stack frames]]>
    </failure>
  </testcase> <!-- register -->
</testsuite> <!-- Test -->
